<?xml version="1.0" encoding="UTF-8"?>
<testng-results skipped="0" failed="0" total="1" passed="1">
  <reporter-output>
  </reporter-output>
  <suite name="Default suite" duration-ms="230" started-at="2013-02-10T18:06:15Z" finished-at="2013-02-10T18:06:16Z">
    <groups>
    </groups>
    <test name="Default test" duration-ms="230" started-at="2013-02-10T18:06:15Z" finished-at="2013-02-10T18:06:16Z">
      <class name="com.scottdavidson.reunion.json.AlumniTest">
        <test-method status="PASS" signature="basicTest()[pri:0, instance:com.scottdavidson.reunion.json.AlumniTest@61a116c9]" name="basicTest" duration-ms="221" started-at="2013-02-10T10:06:15Z" finished-at="2013-02-10T10:06:16Z">
          <reporter-output>
          </reporter-output>
        </test-method> <!-- basicTest -->
      </class> <!-- com.scottdavidson.reunion.json.AlumniTest -->
    </test> <!-- Default test -->
  </suite> <!-- Default suite -->
</testng-results>
